{"user":"place current user here","level":"error","message":"Missing username","timestamp":"2016-11-20T04:42:24.652Z"}
{"user":"place current user here","level":"error","message":"Missing username","timestamp":"2016-11-20T04:45:03.628Z"}
{"user":"place current user here","level":"error","message":"Missing username","timestamp":"2016-11-20T04:45:18.351Z"}
{"user":"place current user here","level":"error","message":"Missing username","timestamp":"2016-11-20T04:45:25.974Z"}
{"user":"place current user here","level":"error","message":"Missing password","timestamp":"2016-11-20T04:45:30.461Z"}
{"user":"place current user here","level":"error","message":"Password doesn't match","timestamp":"2016-11-20T04:45:48.858Z"}
{"user":"place current user here","level":"error","message":"Password doesn't match","timestamp":"2016-11-20T04:45:52.588Z"}
{"user":"place current user here","level":"error","message":"Missing username","timestamp":"2016-11-20T04:51:34.305Z"}
{"user":"place current user here","level":"error","message":"Missing password","timestamp":"2016-11-20T04:51:38.512Z"}
{"user":"place current user here","level":"error","message":"Missing username","timestamp":"2016-11-20T04:54:50.503Z"}
{"user":"place current user here","level":"error","message":"Password doesn't match","timestamp":"2016-11-20T04:54:56.148Z"}
{"user":"place current user here","level":"error","message":"Missing username","timestamp":"2016-11-20T04:55:15.432Z"}
{"user":"place current user here","level":"error","message":"Missing username","timestamp":"2016-11-20T04:55:31.286Z"}
{"user":"place current user here","level":"error","message":"Missing username","timestamp":"2016-11-20T04:56:30.881Z"}
{"user":"place current user here","level":"error","message":"Missing username","timestamp":"2016-11-20T04:56:33.499Z"}
{"user":"place current user here","level":"error","message":"error","timestamp":"2016-11-20T05:50:43.815Z"}
{"user":"place current user here","level":"error","message":"error","timestamp":"2016-11-20T05:52:42.412Z"}
{"user":"place current user here","level":"error","message":"error","timestamp":"2016-11-20T05:53:22.448Z"}
{"user":"place current user here","level":"error","message":"error","timestamp":"2016-11-20T05:53:45.866Z"}
{"user":"place current user here","level":"error","message":"Couldn't find user's storage directory","timestamp":"2016-11-20T06:24:40.747Z"}
{"user":"place current user here","level":"error","message":"error","timestamp":"2016-11-20T06:25:20.728Z"}
{"user":"place current user here","level":"error","message":"Missing token from request","timestamp":"2016-11-20T06:25:59.454Z"}
